
*** Running vivado
    with args -log led_thingy_top.vdi -applog -m64 -product Vivado -messageDb vivado.pb -mode batch -source led_thingy_top.tcl -notrace


****** Vivado v2022.2 (64-bit)
  **** SW Build 3671981 on Fri Oct 14 04:59:54 MDT 2022
  **** IP Build 3669848 on Fri Oct 14 08:30:02 MDT 2022
    ** Copyright 1986-2022 Xilinx, Inc. All Rights Reserved.

source led_thingy_top.tcl -notrace
Command: open_checkpoint /home/student/Desktop/przemyslaw-lasecki-vhdl-lab-exercises-vhdl-2024/LAB2_Combinatorial_Logic/LAB2.runs/impl_1/led_thingy_top.dcp
INFO: [Device 21-403] Loading part xc7z020clg400-1
Netlist sorting complete. Time (s): cpu = 00:00:00 ; elapsed = 00:00:00.01 . Memory (MB): peak = 1604.238 ; gain = 0.000 ; free physical = 116 ; free virtual = 1910
INFO: [Project 1-479] Netlist was created with Vivado 2022.2
INFO: [Project 1-570] Preparing netlist for logic optimization
Netlist sorting complete. Time (s): cpu = 00:00:00 ; elapsed = 00:00:00 . Memory (MB): peak = 1672.988 ; gain = 0.000 ; free physical = 124 ; free virtual = 1815
INFO: [Project 1-111] Unisim Transformation Summary:
No Unisim elements were transformed.

INFO: [Project 1-604] Checkpoint was created with Vivado v2022.2 (64-bit) build 3671981
OpenCheckpoint Checksum | Checksum: fd0df27f
----- Checksum: PlaceDB: 00000000 ShapeSum: fd0df27f RouteDB: 00000000 
open_checkpoint: Time (s): cpu = 00:00:19 ; elapsed = 00:00:21 . Memory (MB): peak = 1676.988 ; gain = 414.305 ; free physical = 123 ; free virtual = 1814
Command: opt_design
Attempting to get a license for feature 'Implementation' and/or device 'xc7z020'
INFO: [Common 17-349] Got license for feature 'Implementation' and/or device 'xc7z020'
Running DRC as a precondition to command opt_design

Starting DRC Task
INFO: [DRC 23-27] Running DRC with 4 threads
INFO: [Project 1-461] DRC finished with 0 Errors
INFO: [Project 1-462] Please refer to the DRC report (report_drc) for more information.

Time (s): cpu = 00:00:02 ; elapsed = 00:00:02 . Memory (MB): peak = 1755.598 ; gain = 57.797 ; free physical = 118 ; free virtual = 1799

Starting Cache Timing Information Task
INFO: [Timing 38-35] Done setting XDC timing constraints.
Ending Cache Timing Information Task | Checksum: 13939bf1f

Time (s): cpu = 00:00:11 ; elapsed = 00:00:11 . Memory (MB): peak = 2192.457 ; gain = 436.859 ; free physical = 126 ; free virtual = 1418

Starting Logic Optimization Task

Phase 1 Retarget
INFO: [Opt 31-138] Pushed 0 inverter(s) to 0 load pin(s).
INFO: [Opt 31-49] Retargeted 0 cell(s).
Phase 1 Retarget | Checksum: 13939bf1f

Time (s): cpu = 00:00:00.05 ; elapsed = 00:00:00.06 . Memory (MB): peak = 2471.348 ; gain = 0.000 ; free physical = 123 ; free virtual = 1165
INFO: [Opt 31-389] Phase Retarget created 0 cells and removed 0 cells

Phase 2 Constant propagation
INFO: [Opt 31-138] Pushed 0 inverter(s) to 0 load pin(s).
Phase 2 Constant propagation | Checksum: 13939bf1f

Time (s): cpu = 00:00:00.05 ; elapsed = 00:00:00.06 . Memory (MB): peak = 2471.348 ; gain = 0.000 ; free physical = 123 ; free virtual = 1165
INFO: [Opt 31-389] Phase Constant propagation created 0 cells and removed 0 cells

Phase 3 Sweep
Phase 3 Sweep | Checksum: 13939bf1f

Time (s): cpu = 00:00:00.06 ; elapsed = 00:00:00.06 . Memory (MB): peak = 2471.348 ; gain = 0.000 ; free physical = 123 ; free virtual = 1165
INFO: [Opt 31-389] Phase Sweep created 0 cells and removed 0 cells

Phase 4 BUFG optimization
Phase 4 BUFG optimization | Checksum: 13939bf1f

Time (s): cpu = 00:00:00.06 ; elapsed = 00:00:00.07 . Memory (MB): peak = 2503.363 ; gain = 32.016 ; free physical = 123 ; free virtual = 1165
INFO: [Opt 31-662] Phase BUFG optimization created 0 cells of which 0 are BUFGs and removed 0 cells.

Phase 5 Shift Register Optimization
INFO: [Opt 31-1064] SRL Remap converted 0 SRLs to 0 registers and converted 0 registers of register chains to 0 SRLs
Phase 5 Shift Register Optimization | Checksum: 13939bf1f

Time (s): cpu = 00:00:00.06 ; elapsed = 00:00:00.07 . Memory (MB): peak = 2503.363 ; gain = 32.016 ; free physical = 123 ; free virtual = 1165
INFO: [Opt 31-389] Phase Shift Register Optimization created 0 cells and removed 0 cells

Phase 6 Post Processing Netlist
Phase 6 Post Processing Netlist | Checksum: 13939bf1f

Time (s): cpu = 00:00:00.07 ; elapsed = 00:00:00.07 . Memory (MB): peak = 2503.363 ; gain = 32.016 ; free physical = 123 ; free virtual = 1165
INFO: [Opt 31-389] Phase Post Processing Netlist created 0 cells and removed 0 cells
Opt_design Change Summary
=========================


-------------------------------------------------------------------------------------------------------------------------
|  Phase                        |  #Cells created  |  #Cells Removed  |  #Constrained objects preventing optimizations  |
-------------------------------------------------------------------------------------------------------------------------
|  Retarget                     |               0  |               0  |                                              0  |
|  Constant propagation         |               0  |               0  |                                              0  |
|  Sweep                        |               0  |               0  |                                              0  |
|  BUFG optimization            |               0  |               0  |                                              0  |
|  Shift Register Optimization  |               0  |               0  |                                              0  |
|  Post Processing Netlist      |               0  |               0  |                                              0  |
-------------------------------------------------------------------------------------------------------------------------



Starting Connectivity Check Task

Time (s): cpu = 00:00:00 ; elapsed = 00:00:00 . Memory (MB): peak = 2503.363 ; gain = 0.000 ; free physical = 123 ; free virtual = 1165
Ending Logic Optimization Task | Checksum: 13939bf1f

Time (s): cpu = 00:00:00.07 ; elapsed = 00:00:00.08 . Memory (MB): peak = 2503.363 ; gain = 32.016 ; free physical = 123 ; free virtual = 1165

Starting Power Optimization Task
INFO: [Pwropt 34-132] Skipping clock gating for clocks with a period < 2.00 ns.
Ending Power Optimization Task | Checksum: 13939bf1f

Time (s): cpu = 00:00:00 ; elapsed = 00:00:00.01 . Memory (MB): peak = 2503.363 ; gain = 0.000 ; free physical = 122 ; free virtual = 1165

Starting Final Cleanup Task
Ending Final Cleanup Task | Checksum: 13939bf1f

Time (s): cpu = 00:00:00 ; elapsed = 00:00:00 . Memory (MB): peak = 2503.363 ; gain = 0.000 ; free physical = 122 ; free virtual = 1165

Starting Netlist Obfuscation Task
Netlist sorting complete. Time (s): cpu = 00:00:00 ; elapsed = 00:00:00 . Memory (MB): peak = 2503.363 ; gain = 0.000 ; free physical = 122 ; free virtual = 1165
Ending Netlist Obfuscation Task | Checksum: 13939bf1f

Time (s): cpu = 00:00:00 ; elapsed = 00:00:00 . Memory (MB): peak = 2503.363 ; gain = 0.000 ; free physical = 122 ; free virtual = 1165
INFO: [Common 17-83] Releasing license: Implementation
22 Infos, 0 Warnings, 0 Critical Warnings and 0 Errors encountered.
opt_design completed successfully
opt_design: Time (s): cpu = 00:00:17 ; elapsed = 00:00:17 . Memory (MB): peak = 2503.363 ; gain = 826.375 ; free physical = 122 ; free virtual = 1165
INFO: [Common 17-1381] The checkpoint '/home/student/Desktop/przemyslaw-lasecki-vhdl-lab-exercises-vhdl-2024/LAB2_Combinatorial_Logic/LAB2.runs/impl_1/led_thingy_top_opt.dcp' has been generated.
INFO: [runtcl-4] Executing : report_drc -file led_thingy_top_drc_opted.rpt -pb led_thingy_top_drc_opted.pb -rpx led_thingy_top_drc_opted.rpx
Command: report_drc -file led_thingy_top_drc_opted.rpt -pb led_thingy_top_drc_opted.pb -rpx led_thingy_top_drc_opted.rpx
INFO: [IP_Flow 19-234] Refreshing IP repositories
INFO: [IP_Flow 19-1704] No user IP repositories specified
INFO: [IP_Flow 19-2313] Loaded Vivado IP repository '/home/student/tools/Xilinx/Vivado/2022.2/data/ip'.
INFO: [DRC 23-27] Running DRC with 4 threads
INFO: [Vivado_Tcl 2-168] The results of DRC are in file /home/student/Desktop/przemyslaw-lasecki-vhdl-lab-exercises-vhdl-2024/LAB2_Combinatorial_Logic/LAB2.runs/impl_1/led_thingy_top_drc_opted.rpt.
report_drc completed successfully
Command: place_design
Attempting to get a license for feature 'Implementation' and/or device 'xc7z020'
INFO: [Common 17-349] Got license for feature 'Implementation' and/or device 'xc7z020'
INFO: [DRC 23-27] Running DRC with 4 threads
INFO: [Vivado_Tcl 4-198] DRC finished with 0 Errors
INFO: [Vivado_Tcl 4-199] Please refer to the DRC report (report_drc) for more information.
Running DRC as a precondition to command place_design
INFO: [DRC 23-27] Running DRC with 4 threads
INFO: [Vivado_Tcl 4-198] DRC finished with 0 Errors
INFO: [Vivado_Tcl 4-199] Please refer to the DRC report (report_drc) for more information.

Starting Placer Task
INFO: [Place 30-611] Multithreading enabled for place_design using a maximum of 4 CPUs

Phase 1 Placer Initialization

Phase 1.1 Placer Initialization Netlist Sorting
Netlist sorting complete. Time (s): cpu = 00:00:00 ; elapsed = 00:00:00 . Memory (MB): peak = 2543.383 ; gain = 0.000 ; free physical = 122 ; free virtual = 1144
Phase 1.1 Placer Initialization Netlist Sorting | Checksum: fd0df27f

Time (s): cpu = 00:00:00.01 ; elapsed = 00:00:00.01 . Memory (MB): peak = 2543.383 ; gain = 0.000 ; free physical = 122 ; free virtual = 1144
Netlist sorting complete. Time (s): cpu = 00:00:00 ; elapsed = 00:00:00 . Memory (MB): peak = 2543.383 ; gain = 0.000 ; free physical = 122 ; free virtual = 1144

Phase 1.2 IO Placement/ Clock Placement/ Build Placer Device
INFO: [Timing 38-35] Done setting XDC timing constraints.
Phase 1.2 IO Placement/ Clock Placement/ Build Placer Device | Checksum: 1327c13fb

Time (s): cpu = 00:00:00.34 ; elapsed = 00:00:00.25 . Memory (MB): peak = 2543.383 ; gain = 0.000 ; free physical = 128 ; free virtual = 1138

Phase 1.3 Build Placer Netlist Model
Phase 1.3 Build Placer Netlist Model | Checksum: 22afb7db9

Time (s): cpu = 00:00:00.4 ; elapsed = 00:00:00.3 . Memory (MB): peak = 2543.383 ; gain = 0.000 ; free physical = 128 ; free virtual = 1139

Phase 1.4 Constrain Clocks/Macros
Phase 1.4 Constrain Clocks/Macros | Checksum: 22afb7db9

Time (s): cpu = 00:00:00.41 ; elapsed = 00:00:00.31 . Memory (MB): peak = 2543.383 ; gain = 0.000 ; free physical = 128 ; free virtual = 1139
Phase 1 Placer Initialization | Checksum: 22afb7db9

Time (s): cpu = 00:00:00.42 ; elapsed = 00:00:00.31 . Memory (MB): peak = 2543.383 ; gain = 0.000 ; free physical = 128 ; free virtual = 1140

Phase 2 Global Placement

Phase 2.1 Floorplanning
Phase 2.1 Floorplanning | Checksum: 22afb7db9

Time (s): cpu = 00:00:00.42 ; elapsed = 00:00:00.32 . Memory (MB): peak = 2543.383 ; gain = 0.000 ; free physical = 128 ; free virtual = 1140

Phase 2.2 Update Timing before SLR Path Opt
Phase 2.2 Update Timing before SLR Path Opt | Checksum: 22afb7db9

Time (s): cpu = 00:00:00.42 ; elapsed = 00:00:00.32 . Memory (MB): peak = 2543.383 ; gain = 0.000 ; free physical = 128 ; free virtual = 1140

Phase 2.3 Post-Processing in Floorplanning
Phase 2.3 Post-Processing in Floorplanning | Checksum: 22afb7db9

Time (s): cpu = 00:00:00.42 ; elapsed = 00:00:00.32 . Memory (MB): peak = 2543.383 ; gain = 0.000 ; free physical = 128 ; free virtual = 1140

Phase 2.4 Global Placement Core
WARNING: [Place 46-29] Timing had been disabled during Placer and, therefore, physical synthesis in Placer will be skipped.
Phase 2.4 Global Placement Core | Checksum: 1417b8b39

Time (s): cpu = 00:00:00.85 ; elapsed = 00:00:00.53 . Memory (MB): peak = 2543.383 ; gain = 0.000 ; free physical = 129 ; free virtual = 1123
Phase 2 Global Placement | Checksum: 1417b8b39

Time (s): cpu = 00:00:00.85 ; elapsed = 00:00:00.53 . Memory (MB): peak = 2543.383 ; gain = 0.000 ; free physical = 129 ; free virtual = 1123

Phase 3 Detail Placement

Phase 3.1 Commit Multi Column Macros
Phase 3.1 Commit Multi Column Macros | Checksum: 1417b8b39

Time (s): cpu = 00:00:00.86 ; elapsed = 00:00:00.53 . Memory (MB): peak = 2543.383 ; gain = 0.000 ; free physical = 129 ; free virtual = 1123

Phase 3.2 Commit Most Macros & LUTRAMs
Phase 3.2 Commit Most Macros & LUTRAMs | Checksum: 181d77579

Time (s): cpu = 00:00:00.88 ; elapsed = 00:00:00.54 . Memory (MB): peak = 2543.383 ; gain = 0.000 ; free physical = 128 ; free virtual = 1123

Phase 3.3 Area Swap Optimization
Phase 3.3 Area Swap Optimization | Checksum: 1c915b92a

Time (s): cpu = 00:00:00.9 ; elapsed = 00:00:00.55 . Memory (MB): peak = 2543.383 ; gain = 0.000 ; free physical = 128 ; free virtual = 1123

Phase 3.4 Pipeline Register Optimization
Phase 3.4 Pipeline Register Optimization | Checksum: 1c915b92a

Time (s): cpu = 00:00:00.9 ; elapsed = 00:00:00.55 . Memory (MB): peak = 2543.383 ; gain = 0.000 ; free physical = 128 ; free virtual = 1123

Phase 3.5 Small Shape Detail Placement
Phase 3.5 Small Shape Detail Placement | Checksum: 19cd371b3

Time (s): cpu = 00:00:02 ; elapsed = 00:00:01 . Memory (MB): peak = 2543.383 ; gain = 0.000 ; free physical = 118 ; free virtual = 1114

Phase 3.6 Re-assign LUT pins
Phase 3.6 Re-assign LUT pins | Checksum: 19cd371b3

Time (s): cpu = 00:00:02 ; elapsed = 00:00:01 . Memory (MB): peak = 2543.383 ; gain = 0.000 ; free physical = 118 ; free virtual = 1114

Phase 3.7 Pipeline Register Optimization
Phase 3.7 Pipeline Register Optimization | Checksum: 19cd371b3

Time (s): cpu = 00:00:02 ; elapsed = 00:00:01 . Memory (MB): peak = 2543.383 ; gain = 0.000 ; free physical = 118 ; free virtual = 1114
Phase 3 Detail Placement | Checksum: 19cd371b3

Time (s): cpu = 00:00:02 ; elapsed = 00:00:01 . Memory (MB): peak = 2543.383 ; gain = 0.000 ; free physical = 118 ; free virtual = 1114

Phase 4 Post Placement Optimization and Clean-Up

Phase 4.1 Post Commit Optimization
Phase 4.1 Post Commit Optimization | Checksum: 19cd371b3

Time (s): cpu = 00:00:02 ; elapsed = 00:00:02 . Memory (MB): peak = 2543.383 ; gain = 0.000 ; free physical = 118 ; free virtual = 1114

Phase 4.2 Post Placement Cleanup
Phase 4.2 Post Placement Cleanup | Checksum: 19cd371b3

Time (s): cpu = 00:00:02 ; elapsed = 00:00:02 . Memory (MB): peak = 2543.383 ; gain = 0.000 ; free physical = 118 ; free virtual = 1114

Phase 4.3 Placer Reporting

Phase 4.3.1 Print Estimated Congestion
INFO: [Place 30-612] Post-Placement Estimated Congestion 
 ____________________________________________________
|           | Global Congestion | Short Congestion  |
| Direction | Region Size       | Region Size       |
|___________|___________________|___________________|
|      North|                1x1|                1x1|
|___________|___________________|___________________|
|      South|                1x1|                1x1|
|___________|___________________|___________________|
|       East|                1x1|                1x1|
|___________|___________________|___________________|
|       West|                1x1|                1x1|
|___________|___________________|___________________|

Phase 4.3.1 Print Estimated Congestion | Checksum: 19cd371b3

Time (s): cpu = 00:00:02 ; elapsed = 00:00:02 . Memory (MB): peak = 2543.383 ; gain = 0.000 ; free physical = 118 ; free virtual = 1114
Phase 4.3 Placer Reporting | Checksum: 19cd371b3

Time (s): cpu = 00:00:02 ; elapsed = 00:00:02 . Memory (MB): peak = 2543.383 ; gain = 0.000 ; free physical = 118 ; free virtual = 1114

Phase 4.4 Final Placement Cleanup
Netlist sorting complete. Time (s): cpu = 00:00:00 ; elapsed = 00:00:00.01 . Memory (MB): peak = 2543.383 ; gain = 0.000 ; free physical = 118 ; free virtual = 1114

Time (s): cpu = 00:00:02 ; elapsed = 00:00:02 . Memory (MB): peak = 2543.383 ; gain = 0.000 ; free physical = 118 ; free virtual = 1114
Phase 4 Post Placement Optimization and Clean-Up | Checksum: 19cd371b3

Time (s): cpu = 00:00:02 ; elapsed = 00:00:02 . Memory (MB): peak = 2543.383 ; gain = 0.000 ; free physical = 118 ; free virtual = 1114
Ending Placer Task | Checksum: 16a2dfa28

Time (s): cpu = 00:00:02 ; elapsed = 00:00:02 . Memory (MB): peak = 2543.383 ; gain = 0.000 ; free physical = 118 ; free virtual = 1114
INFO: [Common 17-83] Releasing license: Implementation
40 Infos, 1 Warnings, 0 Critical Warnings and 0 Errors encountered.
place_design completed successfully
Writing XDEF routing.
Writing XDEF routing logical nets.
Writing XDEF routing special nets.
Write XDEF Complete: Time (s): cpu = 00:00:00.12 ; elapsed = 00:00:00.14 . Memory (MB): peak = 2544.387 ; gain = 0.000 ; free physical = 123 ; free virtual = 1120
INFO: [Common 17-1381] The checkpoint '/home/student/Desktop/przemyslaw-lasecki-vhdl-lab-exercises-vhdl-2024/LAB2_Combinatorial_Logic/LAB2.runs/impl_1/led_thingy_top_placed.dcp' has been generated.
INFO: [runtcl-4] Executing : report_io -file led_thingy_top_io_placed.rpt
report_io: Time (s): cpu = 00:00:00.22 ; elapsed = 00:00:00.32 . Memory (MB): peak = 2560.395 ; gain = 0.000 ; free physical = 121 ; free virtual = 1106
INFO: [runtcl-4] Executing : report_utilization -file led_thingy_top_utilization_placed.rpt -pb led_thingy_top_utilization_placed.pb
INFO: [runtcl-4] Executing : report_control_sets -verbose -file led_thingy_top_control_sets_placed.rpt
report_control_sets: Time (s): cpu = 00:00:00.05 ; elapsed = 00:00:00.15 . Memory (MB): peak = 2560.395 ; gain = 0.000 ; free physical = 122 ; free virtual = 1108
Command: phys_opt_design
Attempting to get a license for feature 'Implementation' and/or device 'xc7z020'
INFO: [Common 17-349] Got license for feature 'Implementation' and/or device 'xc7z020'

Starting Initial Update Timing Task

Time (s): cpu = 00:00:00 ; elapsed = 00:00:00.02 . Memory (MB): peak = 2560.395 ; gain = 0.000 ; free physical = 114 ; free virtual = 1098
INFO: [Vivado_Tcl 4-235] No timing constraint found. The netlist was not modified.
INFO: [Common 17-83] Releasing license: Implementation
47 Infos, 1 Warnings, 0 Critical Warnings and 0 Errors encountered.
phys_opt_design completed successfully
Writing XDEF routing.
Writing XDEF routing logical nets.
Writing XDEF routing special nets.
Write XDEF Complete: Time (s): cpu = 00:00:00.06 ; elapsed = 00:00:00.05 . Memory (MB): peak = 2564.297 ; gain = 3.902 ; free physical = 128 ; free virtual = 1108
INFO: [Common 17-1381] The checkpoint '/home/student/Desktop/przemyslaw-lasecki-vhdl-lab-exercises-vhdl-2024/LAB2_Combinatorial_Logic/LAB2.runs/impl_1/led_thingy_top_physopt.dcp' has been generated.
Command: route_design
Attempting to get a license for feature 'Implementation' and/or device 'xc7z020'
INFO: [Common 17-349] Got license for feature 'Implementation' and/or device 'xc7z020'
Running DRC as a precondition to command route_design
INFO: [DRC 23-27] Running DRC with 4 threads
INFO: [Vivado_Tcl 4-198] DRC finished with 0 Errors
INFO: [Vivado_Tcl 4-199] Please refer to the DRC report (report_drc) for more information.


Starting Routing Task
INFO: [Route 35-254] Multithreading enabled for route_design using a maximum of 4 CPUs

Phase 1 Build RT Design
Checksum: PlaceDB: 6d2007a9 ConstDB: 0 ShapeSum: fd0df27f RouteDB: 0
Post Restoration Checksum: NetGraph: 8c1d33c NumContArr: cacdd021 Constraints: 0 Timing: 0
Phase 1 Build RT Design | Checksum: d38fa35d

Time (s): cpu = 00:00:49 ; elapsed = 00:00:46 . Memory (MB): peak = 2656.699 ; gain = 74.691 ; free physical = 130 ; free virtual = 982

Phase 2 Router Initialization
INFO: [Route 35-64] No timing constraints were detected. The router will operate in resource-optimization mode.

Phase 2.1 Fix Topology Constraints
Phase 2.1 Fix Topology Constraints | Checksum: d38fa35d

Time (s): cpu = 00:00:49 ; elapsed = 00:00:46 . Memory (MB): peak = 2672.699 ; gain = 90.691 ; free physical = 115 ; free virtual = 966

Phase 2.2 Pre Route Cleanup
Phase 2.2 Pre Route Cleanup | Checksum: d38fa35d

Time (s): cpu = 00:00:49 ; elapsed = 00:00:46 . Memory (MB): peak = 2672.699 ; gain = 90.691 ; free physical = 117 ; free virtual = 966
 Number of Nodes with overlaps = 0

Router Utilization Summary
  Global Vertical Routing Utilization    = 0 %
  Global Horizontal Routing Utilization  = 0 %
  Routable Net Status*
  *Does not include unroutable nets such as driverless and loadless.
  Run report_route_status for detailed report.
  Number of Failed Nets               = 16
    (Failed Nets is the sum of unrouted and partially routed nets)
  Number of Unrouted Nets             = 16
  Number of Partially Routed Nets     = 0
  Number of Node Overlaps             = 0

Phase 2 Router Initialization | Checksum: a531e896

Time (s): cpu = 00:00:50 ; elapsed = 00:00:46 . Memory (MB): peak = 2694.582 ; gain = 112.574 ; free physical = 125 ; free virtual = 946

Phase 3 Initial Routing

Phase 3.1 Global Routing
Phase 3.1 Global Routing | Checksum: a531e896

Time (s): cpu = 00:00:50 ; elapsed = 00:00:46 . Memory (MB): peak = 2694.582 ; gain = 112.574 ; free physical = 125 ; free virtual = 946
Phase 3 Initial Routing | Checksum: 1536d2b8d

Time (s): cpu = 00:00:50 ; elapsed = 00:00:46 . Memory (MB): peak = 2694.582 ; gain = 112.574 ; free physical = 123 ; free virtual = 945

Phase 4 Rip-up And Reroute

Phase 4.1 Global Iteration 0
 Number of Nodes with overlaps = 0
Phase 4.1 Global Iteration 0 | Checksum: 125f083a1

Time (s): cpu = 00:00:50 ; elapsed = 00:00:46 . Memory (MB): peak = 2694.582 ; gain = 112.574 ; free physical = 123 ; free virtual = 944
Phase 4 Rip-up And Reroute | Checksum: 125f083a1

Time (s): cpu = 00:00:50 ; elapsed = 00:00:46 . Memory (MB): peak = 2694.582 ; gain = 112.574 ; free physical = 123 ; free virtual = 944

Phase 5 Delay and Skew Optimization
Phase 5 Delay and Skew Optimization | Checksum: 125f083a1

Time (s): cpu = 00:00:50 ; elapsed = 00:00:46 . Memory (MB): peak = 2694.582 ; gain = 112.574 ; free physical = 123 ; free virtual = 944

Phase 6 Post Hold Fix

Phase 6.1 Hold Fix Iter
Phase 6.1 Hold Fix Iter | Checksum: 125f083a1

Time (s): cpu = 00:00:50 ; elapsed = 00:00:46 . Memory (MB): peak = 2694.582 ; gain = 112.574 ; free physical = 123 ; free virtual = 944
Phase 6 Post Hold Fix | Checksum: 125f083a1

Time (s): cpu = 00:00:50 ; elapsed = 00:00:46 . Memory (MB): peak = 2694.582 ; gain = 112.574 ; free physical = 123 ; free virtual = 944

Phase 7 Route finalize

Router Utilization Summary
  Global Vertical Routing Utilization    = 0.0040903 %
  Global Horizontal Routing Utilization  = 0.00338066 %
  Routable Net Status*
  *Does not include unroutable nets such as driverless and loadless.
  Run report_route_status for detailed report.
  Number of Failed Nets               = 0
    (Failed Nets is the sum of unrouted and partially routed nets)
  Number of Unrouted Nets             = 0
  Number of Partially Routed Nets     = 0
  Number of Node Overlaps             = 0

Congestion Report
North Dir 1x1 Area, Max Cong = 1.8018%, No Congested Regions.
South Dir 1x1 Area, Max Cong = 36.9369%, No Congested Regions.
East Dir 1x1 Area, Max Cong = 2.94118%, No Congested Regions.
West Dir 1x1 Area, Max Cong = 14.7059%, No Congested Regions.

------------------------------
Reporting congestion hotspots
------------------------------
Direction: North
----------------
Congested clusters found at Level 0
Effective congestion level: 0 Aspect Ratio: 1 Sparse Ratio: 0
Direction: South
----------------
Congested clusters found at Level 0
Effective congestion level: 0 Aspect Ratio: 1 Sparse Ratio: 0
Direction: East
----------------
Congested clusters found at Level 0
Effective congestion level: 0 Aspect Ratio: 1 Sparse Ratio: 0
Direction: West
----------------
Congested clusters found at Level 0
Effective congestion level: 0 Aspect Ratio: 1 Sparse Ratio: 0

Phase 7 Route finalize | Checksum: 125f083a1

Time (s): cpu = 00:00:50 ; elapsed = 00:00:46 . Memory (MB): peak = 2694.582 ; gain = 112.574 ; free physical = 122 ; free virtual = 944

Phase 8 Verifying routed nets

 Verification completed successfully
Phase 8 Verifying routed nets | Checksum: 125f083a1

Time (s): cpu = 00:00:50 ; elapsed = 00:00:46 . Memory (MB): peak = 2694.582 ; gain = 112.574 ; free physical = 122 ; free virtual = 944

Phase 9 Depositing Routes
Phase 9 Depositing Routes | Checksum: b98b83fd

Time (s): cpu = 00:00:50 ; elapsed = 00:00:46 . Memory (MB): peak = 2694.582 ; gain = 112.574 ; free physical = 122 ; free virtual = 943
INFO: [Route 35-16] Router Completed Successfully

Time (s): cpu = 00:00:50 ; elapsed = 00:00:46 . Memory (MB): peak = 2694.582 ; gain = 112.574 ; free physical = 126 ; free virtual = 947

Routing Is Done.
INFO: [Common 17-83] Releasing license: Implementation
56 Infos, 1 Warnings, 0 Critical Warnings and 0 Errors encountered.
route_design completed successfully
route_design: Time (s): cpu = 00:00:52 ; elapsed = 00:00:47 . Memory (MB): peak = 2694.582 ; gain = 130.285 ; free physical = 126 ; free virtual = 948
INFO: [Common 17-600] The following parameters have non-default value.
general.maxThreads
Writing XDEF routing.
Writing XDEF routing logical nets.
Writing XDEF routing special nets.
Write XDEF Complete: Time (s): cpu = 00:00:00.05 ; elapsed = 00:00:00.05 . Memory (MB): peak = 2711.523 ; gain = 8.938 ; free physical = 125 ; free virtual = 948
INFO: [Common 17-1381] The checkpoint '/home/student/Desktop/przemyslaw-lasecki-vhdl-lab-exercises-vhdl-2024/LAB2_Combinatorial_Logic/LAB2.runs/impl_1/led_thingy_top_routed.dcp' has been generated.
INFO: [runtcl-4] Executing : report_drc -file led_thingy_top_drc_routed.rpt -pb led_thingy_top_drc_routed.pb -rpx led_thingy_top_drc_routed.rpx
Command: report_drc -file led_thingy_top_drc_routed.rpt -pb led_thingy_top_drc_routed.pb -rpx led_thingy_top_drc_routed.rpx
INFO: [IP_Flow 19-1839] IP Catalog is up to date.
INFO: [DRC 23-27] Running DRC with 4 threads
INFO: [Vivado_Tcl 2-168] The results of DRC are in file /home/student/Desktop/przemyslaw-lasecki-vhdl-lab-exercises-vhdl-2024/LAB2_Combinatorial_Logic/LAB2.runs/impl_1/led_thingy_top_drc_routed.rpt.
report_drc completed successfully
INFO: [runtcl-4] Executing : report_methodology -file led_thingy_top_methodology_drc_routed.rpt -pb led_thingy_top_methodology_drc_routed.pb -rpx led_thingy_top_methodology_drc_routed.rpx
Command: report_methodology -file led_thingy_top_methodology_drc_routed.rpt -pb led_thingy_top_methodology_drc_routed.pb -rpx led_thingy_top_methodology_drc_routed.rpx
INFO: [Timing 38-35] Done setting XDC timing constraints.
INFO: [DRC 23-133] Running Methodology with 4 threads
INFO: [Vivado_Tcl 2-1520] The results of Report Methodology are in file /home/student/Desktop/przemyslaw-lasecki-vhdl-lab-exercises-vhdl-2024/LAB2_Combinatorial_Logic/LAB2.runs/impl_1/led_thingy_top_methodology_drc_routed.rpt.
report_methodology completed successfully
INFO: [runtcl-4] Executing : report_power -file led_thingy_top_power_routed.rpt -pb led_thingy_top_power_summary_routed.pb -rpx led_thingy_top_power_routed.rpx
Command: report_power -file led_thingy_top_power_routed.rpt -pb led_thingy_top_power_summary_routed.pb -rpx led_thingy_top_power_routed.rpx
INFO: [Timing 38-35] Done setting XDC timing constraints.
WARNING: [Power 33-232] No user defined clocks were found in the design! Power estimation will be inaccurate until this is corrected.
Resolution: Please specify clocks using create_clock/create_generated_clock for sequential elements. For pure combinatorial circuits, please specify a virtual clock, otherwise the vectorless estimation might be inaccurate
Running Vector-less Activity Propagation...

Finished Running Vector-less Activity Propagation
68 Infos, 2 Warnings, 0 Critical Warnings and 0 Errors encountered.
report_power completed successfully
INFO: [runtcl-4] Executing : report_route_status -file led_thingy_top_route_status.rpt -pb led_thingy_top_route_status.pb
INFO: [runtcl-4] Executing : report_timing_summary -max_paths 10 -report_unconstrained -file led_thingy_top_timing_summary_routed.rpt -pb led_thingy_top_timing_summary_routed.pb -rpx led_thingy_top_timing_summary_routed.rpx -warn_on_violation 
INFO: [Timing 38-91] UpdateTimingParams: Speed grade: -1, Delay Type: min_max.
INFO: [Timing 38-191] Multithreading enabled for timing update using a maximum of 4 CPUs
WARNING: [Timing 38-313] There are no user specified timing constraints. Timing constraints are needed for proper timing analysis.
INFO: [runtcl-4] Executing : report_incremental_reuse -file led_thingy_top_incremental_reuse_routed.rpt
INFO: [Vivado_Tcl 4-1062] Incremental flow is disabled. No incremental reuse Info to report.
INFO: [runtcl-4] Executing : report_clock_utilization -file led_thingy_top_clock_utilization_routed.rpt
INFO: [runtcl-4] Executing : report_bus_skew -warn_on_violation -file led_thingy_top_bus_skew_routed.rpt -pb led_thingy_top_bus_skew_routed.pb -rpx led_thingy_top_bus_skew_routed.rpx
INFO: [Timing 38-91] UpdateTimingParams: Speed grade: -1, Delay Type: min_max.
INFO: [Timing 38-191] Multithreading enabled for timing update using a maximum of 4 CPUs
INFO: [Common 17-206] Exiting Vivado at Mon Nov  3 20:27:38 2025...
