
*** Running vivado
    with args -log integer_test.vds -m64 -product Vivado -mode batch -messageDb vivado.pb -notrace -source integer_test.tcl


****** Vivado v2022.2 (64-bit)
  **** SW Build 3671981 on Fri Oct 14 04:59:54 MDT 2022
  **** IP Build 3669848 on Fri Oct 14 08:30:02 MDT 2022
    ** Copyright 1986-2022 Xilinx, Inc. All Rights Reserved.

source integer_test.tcl -notrace
create_project: Time (s): cpu = 00:00:11 ; elapsed = 00:00:11 . Memory (MB): peak = 1236.727 ; gain = 0.023 ; free physical = 119 ; free virtual = 1966
Command: read_checkpoint -auto_incremental -incremental /home/student/Desktop/przemyslaw-lasecki-vhdl-lab-exercises-vhdl-2024/LAB3_Counters/LAB3.srcs/utils_1/imports/synth_1/integer_test.dcp
INFO: [Vivado 12-5825] Read reference checkpoint from /home/student/Desktop/przemyslaw-lasecki-vhdl-lab-exercises-vhdl-2024/LAB3_Counters/LAB3.srcs/utils_1/imports/synth_1/integer_test.dcp for incremental synthesis
INFO: [Vivado 12-7989] Please ensure there are no constraint changes
Command: synth_design -top integer_test -part xc7z020clg400-1
Starting synth_design
Attempting to get a license for feature 'Synthesis' and/or device 'xc7z020'
INFO: [Common 17-349] Got license for feature 'Synthesis' and/or device 'xc7z020'
INFO: [Device 21-403] Loading part xc7z020clg400-1
INFO: [Designutils 20-5440] No compile time benefit to using incremental synthesis; A full resynthesis will be run
INFO: [Designutils 20-4379] Flow is switching to default flow due to incremental criteria not met. If you would like to alter this behaviour and have the flow terminate instead, please set the following parameter config_implementation {autoIncr.Synth.RejectBehavior Terminate}
INFO: [Synth 8-7079] Multithreading enabled for synth_design using a maximum of 4 processes.
INFO: [Synth 8-7078] Launching helper process for spawning children vivado processes
INFO: [Synth 8-7075] Helper process launched with PID 7749
INFO: [Synth 8-11241] undeclared symbol 'REGCCE', assumed default net type 'wire' [/home/student/tools/Xilinx/Vivado/2022.2/data/verilog/src/unimacro/BRAM_SINGLE_MACRO.v:2170]
---------------------------------------------------------------------------------
Starting RTL Elaboration : Time (s): cpu = 00:00:08 ; elapsed = 00:00:09 . Memory (MB): peak = 1956.934 ; gain = 373.738 ; free physical = 111 ; free virtual = 1075
Synthesis current peak Physical Memory [PSS] (MB): peak = 1431.282; parent = 1170.893; children = 260.390
Synthesis current peak Virtual Memory [VSS] (MB): peak = 2923.238; parent = 1956.938; children = 966.301
---------------------------------------------------------------------------------
INFO: [Synth 8-638] synthesizing module 'integer_test' [/home/student/Desktop/przemyslaw-lasecki-vhdl-lab-exercises-vhdl-2024/LAB3_Counters/lab3_template.vhd:13]
INFO: [Synth 8-256] done synthesizing module 'integer_test' (0#1) [/home/student/Desktop/przemyslaw-lasecki-vhdl-lab-exercises-vhdl-2024/LAB3_Counters/lab3_template.vhd:13]
WARNING: [Synth 8-3917] design integer_test has port jb[7] driven by constant 0
WARNING: [Synth 8-3917] design integer_test has port jb[6] driven by constant 0
WARNING: [Synth 8-3917] design integer_test has port jb[5] driven by constant 0
---------------------------------------------------------------------------------
Finished RTL Elaboration : Time (s): cpu = 00:00:11 ; elapsed = 00:00:13 . Memory (MB): peak = 2021.902 ; gain = 438.707 ; free physical = 269 ; free virtual = 1166
Synthesis current peak Physical Memory [PSS] (MB): peak = 1435.137; parent = 1174.753; children = 260.390
Synthesis current peak Virtual Memory [VSS] (MB): peak = 2988.207; parent = 2021.906; children = 966.301
---------------------------------------------------------------------------------
---------------------------------------------------------------------------------
Start Handling Custom Attributes
---------------------------------------------------------------------------------
---------------------------------------------------------------------------------
Finished Handling Custom Attributes : Time (s): cpu = 00:00:11 ; elapsed = 00:00:13 . Memory (MB): peak = 2039.715 ; gain = 456.520 ; free physical = 257 ; free virtual = 1156
Synthesis current peak Physical Memory [PSS] (MB): peak = 1435.137; parent = 1174.753; children = 260.390
Synthesis current peak Virtual Memory [VSS] (MB): peak = 3006.020; parent = 2039.719; children = 966.301
---------------------------------------------------------------------------------
---------------------------------------------------------------------------------
Finished RTL Optimization Phase 1 : Time (s): cpu = 00:00:11 ; elapsed = 00:00:13 . Memory (MB): peak = 2039.715 ; gain = 456.520 ; free physical = 254 ; free virtual = 1152
Synthesis current peak Physical Memory [PSS] (MB): peak = 1435.137; parent = 1174.753; children = 260.390
Synthesis current peak Virtual Memory [VSS] (MB): peak = 3006.020; parent = 2039.719; children = 966.301
---------------------------------------------------------------------------------
Netlist sorting complete. Time (s): cpu = 00:00:00 ; elapsed = 00:00:00 . Memory (MB): peak = 2039.715 ; gain = 0.000 ; free physical = 245 ; free virtual = 1145
INFO: [Project 1-570] Preparing netlist for logic optimization

Processing XDC Constraints
Initializing timing engine
Parsing XDC File [/home/student/Desktop/przemyslaw-lasecki-vhdl-lab-exercises-vhdl-2024/LAB3_Counters/Source/constr/pynq-z2_v1.0.xdc]
WARNING: [Vivado 12-584] No ports matched 'sw[0]'. [/home/student/Desktop/przemyslaw-lasecki-vhdl-lab-exercises-vhdl-2024/LAB3_Counters/Source/constr/pynq-z2_v1.0.xdc:13]
CRITICAL WARNING: [Common 17-55] 'set_property' expects at least one object. [/home/student/Desktop/przemyslaw-lasecki-vhdl-lab-exercises-vhdl-2024/LAB3_Counters/Source/constr/pynq-z2_v1.0.xdc:13]
Resolution: If [get_<value>] was used to populate the object, check to make sure this command returns at least one valid object.
WARNING: [Vivado 12-584] No ports matched 'sw[1]'. [/home/student/Desktop/przemyslaw-lasecki-vhdl-lab-exercises-vhdl-2024/LAB3_Counters/Source/constr/pynq-z2_v1.0.xdc:14]
CRITICAL WARNING: [Common 17-55] 'set_property' expects at least one object. [/home/student/Desktop/przemyslaw-lasecki-vhdl-lab-exercises-vhdl-2024/LAB3_Counters/Source/constr/pynq-z2_v1.0.xdc:14]
Resolution: If [get_<value>] was used to populate the object, check to make sure this command returns at least one valid object.
WARNING: [Vivado 12-584] No ports matched 'led4_b'. [/home/student/Desktop/przemyslaw-lasecki-vhdl-lab-exercises-vhdl-2024/LAB3_Counters/Source/constr/pynq-z2_v1.0.xdc:18]
CRITICAL WARNING: [Common 17-55] 'set_property' expects at least one object. [/home/student/Desktop/przemyslaw-lasecki-vhdl-lab-exercises-vhdl-2024/LAB3_Counters/Source/constr/pynq-z2_v1.0.xdc:18]
Resolution: If [get_<value>] was used to populate the object, check to make sure this command returns at least one valid object.
WARNING: [Vivado 12-584] No ports matched 'led4_g'. [/home/student/Desktop/przemyslaw-lasecki-vhdl-lab-exercises-vhdl-2024/LAB3_Counters/Source/constr/pynq-z2_v1.0.xdc:19]
CRITICAL WARNING: [Common 17-55] 'set_property' expects at least one object. [/home/student/Desktop/przemyslaw-lasecki-vhdl-lab-exercises-vhdl-2024/LAB3_Counters/Source/constr/pynq-z2_v1.0.xdc:19]
Resolution: If [get_<value>] was used to populate the object, check to make sure this command returns at least one valid object.
WARNING: [Vivado 12-584] No ports matched 'led4_r'. [/home/student/Desktop/przemyslaw-lasecki-vhdl-lab-exercises-vhdl-2024/LAB3_Counters/Source/constr/pynq-z2_v1.0.xdc:20]
CRITICAL WARNING: [Common 17-55] 'set_property' expects at least one object. [/home/student/Desktop/przemyslaw-lasecki-vhdl-lab-exercises-vhdl-2024/LAB3_Counters/Source/constr/pynq-z2_v1.0.xdc:20]
Resolution: If [get_<value>] was used to populate the object, check to make sure this command returns at least one valid object.
WARNING: [Vivado 12-584] No ports matched 'led5_b'. [/home/student/Desktop/przemyslaw-lasecki-vhdl-lab-exercises-vhdl-2024/LAB3_Counters/Source/constr/pynq-z2_v1.0.xdc:21]
CRITICAL WARNING: [Common 17-55] 'set_property' expects at least one object. [/home/student/Desktop/przemyslaw-lasecki-vhdl-lab-exercises-vhdl-2024/LAB3_Counters/Source/constr/pynq-z2_v1.0.xdc:21]
Resolution: If [get_<value>] was used to populate the object, check to make sure this command returns at least one valid object.
WARNING: [Vivado 12-584] No ports matched 'led5_g'. [/home/student/Desktop/przemyslaw-lasecki-vhdl-lab-exercises-vhdl-2024/LAB3_Counters/Source/constr/pynq-z2_v1.0.xdc:22]
CRITICAL WARNING: [Common 17-55] 'set_property' expects at least one object. [/home/student/Desktop/przemyslaw-lasecki-vhdl-lab-exercises-vhdl-2024/LAB3_Counters/Source/constr/pynq-z2_v1.0.xdc:22]
Resolution: If [get_<value>] was used to populate the object, check to make sure this command returns at least one valid object.
WARNING: [Vivado 12-584] No ports matched 'led5_r'. [/home/student/Desktop/przemyslaw-lasecki-vhdl-lab-exercises-vhdl-2024/LAB3_Counters/Source/constr/pynq-z2_v1.0.xdc:23]
CRITICAL WARNING: [Common 17-55] 'set_property' expects at least one object. [/home/student/Desktop/przemyslaw-lasecki-vhdl-lab-exercises-vhdl-2024/LAB3_Counters/Source/constr/pynq-z2_v1.0.xdc:23]
Resolution: If [get_<value>] was used to populate the object, check to make sure this command returns at least one valid object.
WARNING: [Vivado 12-584] No ports matched 'led[0]'. [/home/student/Desktop/przemyslaw-lasecki-vhdl-lab-exercises-vhdl-2024/LAB3_Counters/Source/constr/pynq-z2_v1.0.xdc:27]
CRITICAL WARNING: [Common 17-55] 'set_property' expects at least one object. [/home/student/Desktop/przemyslaw-lasecki-vhdl-lab-exercises-vhdl-2024/LAB3_Counters/Source/constr/pynq-z2_v1.0.xdc:27]
Resolution: If [get_<value>] was used to populate the object, check to make sure this command returns at least one valid object.
WARNING: [Vivado 12-584] No ports matched 'led[1]'. [/home/student/Desktop/przemyslaw-lasecki-vhdl-lab-exercises-vhdl-2024/LAB3_Counters/Source/constr/pynq-z2_v1.0.xdc:28]
CRITICAL WARNING: [Common 17-55] 'set_property' expects at least one object. [/home/student/Desktop/przemyslaw-lasecki-vhdl-lab-exercises-vhdl-2024/LAB3_Counters/Source/constr/pynq-z2_v1.0.xdc:28]
Resolution: If [get_<value>] was used to populate the object, check to make sure this command returns at least one valid object.
WARNING: [Vivado 12-584] No ports matched 'led[2]'. [/home/student/Desktop/przemyslaw-lasecki-vhdl-lab-exercises-vhdl-2024/LAB3_Counters/Source/constr/pynq-z2_v1.0.xdc:29]
CRITICAL WARNING: [Common 17-55] 'set_property' expects at least one object. [/home/student/Desktop/przemyslaw-lasecki-vhdl-lab-exercises-vhdl-2024/LAB3_Counters/Source/constr/pynq-z2_v1.0.xdc:29]
Resolution: If [get_<value>] was used to populate the object, check to make sure this command returns at least one valid object.
WARNING: [Vivado 12-584] No ports matched 'led[3]'. [/home/student/Desktop/przemyslaw-lasecki-vhdl-lab-exercises-vhdl-2024/LAB3_Counters/Source/constr/pynq-z2_v1.0.xdc:30]
CRITICAL WARNING: [Common 17-55] 'set_property' expects at least one object. [/home/student/Desktop/przemyslaw-lasecki-vhdl-lab-exercises-vhdl-2024/LAB3_Counters/Source/constr/pynq-z2_v1.0.xdc:30]
Resolution: If [get_<value>] was used to populate the object, check to make sure this command returns at least one valid object.
WARNING: [Vivado 12-584] No ports matched 'btn[0]'. [/home/student/Desktop/przemyslaw-lasecki-vhdl-lab-exercises-vhdl-2024/LAB3_Counters/Source/constr/pynq-z2_v1.0.xdc:34]
CRITICAL WARNING: [Common 17-55] 'set_property' expects at least one object. [/home/student/Desktop/przemyslaw-lasecki-vhdl-lab-exercises-vhdl-2024/LAB3_Counters/Source/constr/pynq-z2_v1.0.xdc:34]
Resolution: If [get_<value>] was used to populate the object, check to make sure this command returns at least one valid object.
WARNING: [Vivado 12-584] No ports matched 'btn[1]'. [/home/student/Desktop/przemyslaw-lasecki-vhdl-lab-exercises-vhdl-2024/LAB3_Counters/Source/constr/pynq-z2_v1.0.xdc:35]
CRITICAL WARNING: [Common 17-55] 'set_property' expects at least one object. [/home/student/Desktop/przemyslaw-lasecki-vhdl-lab-exercises-vhdl-2024/LAB3_Counters/Source/constr/pynq-z2_v1.0.xdc:35]
Resolution: If [get_<value>] was used to populate the object, check to make sure this command returns at least one valid object.
WARNING: [Vivado 12-584] No ports matched 'btn[2]'. [/home/student/Desktop/przemyslaw-lasecki-vhdl-lab-exercises-vhdl-2024/LAB3_Counters/Source/constr/pynq-z2_v1.0.xdc:36]
CRITICAL WARNING: [Common 17-55] 'set_property' expects at least one object. [/home/student/Desktop/przemyslaw-lasecki-vhdl-lab-exercises-vhdl-2024/LAB3_Counters/Source/constr/pynq-z2_v1.0.xdc:36]
Resolution: If [get_<value>] was used to populate the object, check to make sure this command returns at least one valid object.
WARNING: [Vivado 12-584] No ports matched 'btn[3]'. [/home/student/Desktop/przemyslaw-lasecki-vhdl-lab-exercises-vhdl-2024/LAB3_Counters/Source/constr/pynq-z2_v1.0.xdc:37]
CRITICAL WARNING: [Common 17-55] 'set_property' expects at least one object. [/home/student/Desktop/przemyslaw-lasecki-vhdl-lab-exercises-vhdl-2024/LAB3_Counters/Source/constr/pynq-z2_v1.0.xdc:37]
Resolution: If [get_<value>] was used to populate the object, check to make sure this command returns at least one valid object.
Finished Parsing XDC File [/home/student/Desktop/przemyslaw-lasecki-vhdl-lab-exercises-vhdl-2024/LAB3_Counters/Source/constr/pynq-z2_v1.0.xdc]
INFO: [Project 1-236] Implementation specific constraints were found while reading constraint file [/home/student/Desktop/przemyslaw-lasecki-vhdl-lab-exercises-vhdl-2024/LAB3_Counters/Source/constr/pynq-z2_v1.0.xdc]. These constraints will be ignored for synthesis but will be used in implementation. Impacted constraints are listed in the file [.Xil/integer_test_propImpl.xdc].
Resolution: To avoid this warning, move constraints listed in [.Xil/integer_test_propImpl.xdc] to another XDC file and exclude this new file from synthesis with the used_in_synthesis property (File Properties dialog in GUI) and re-run elaboration/synthesis.
Completed Processing XDC Constraints

Netlist sorting complete. Time (s): cpu = 00:00:00 ; elapsed = 00:00:00 . Memory (MB): peak = 2132.449 ; gain = 0.000 ; free physical = 112 ; free virtual = 950
INFO: [Project 1-111] Unisim Transformation Summary:
No Unisim elements were transformed.

Constraint Validation Runtime : Time (s): cpu = 00:00:00 ; elapsed = 00:00:00 . Memory (MB): peak = 2132.449 ; gain = 0.000 ; free physical = 111 ; free virtual = 950
INFO: [Designutils 20-5440] No compile time benefit to using incremental synthesis; A full resynthesis will be run
INFO: [Designutils 20-4379] Flow is switching to default flow due to incremental criteria not met. If you would like to alter this behaviour and have the flow terminate instead, please set the following parameter config_implementation {autoIncr.Synth.RejectBehavior Terminate}
INFO: [Synth 8-11241] undeclared symbol 'REGCCE', assumed default net type 'wire' [/home/student/tools/Xilinx/Vivado/2022.2/data/verilog/src/unimacro/BRAM_SINGLE_MACRO.v:2170]
---------------------------------------------------------------------------------
Finished Constraint Validation : Time (s): cpu = 00:00:23 ; elapsed = 00:00:26 . Memory (MB): peak = 2132.449 ; gain = 549.254 ; free physical = 272 ; free virtual = 1181
Synthesis current peak Physical Memory [PSS] (MB): peak = 1435.137; parent = 1174.753; children = 260.390
Synthesis current peak Virtual Memory [VSS] (MB): peak = 3098.754; parent = 2132.453; children = 966.301
---------------------------------------------------------------------------------
---------------------------------------------------------------------------------
Start Loading Part and Timing Information
---------------------------------------------------------------------------------
Loading part: xc7z020clg400-1
---------------------------------------------------------------------------------
Finished Loading Part and Timing Information : Time (s): cpu = 00:00:23 ; elapsed = 00:00:26 . Memory (MB): peak = 2132.449 ; gain = 549.254 ; free physical = 272 ; free virtual = 1181
Synthesis current peak Physical Memory [PSS] (MB): peak = 1435.137; parent = 1174.753; children = 260.390
Synthesis current peak Virtual Memory [VSS] (MB): peak = 3098.754; parent = 2132.453; children = 966.301
---------------------------------------------------------------------------------
---------------------------------------------------------------------------------
Start Applying 'set_property' XDC Constraints
---------------------------------------------------------------------------------
---------------------------------------------------------------------------------
Finished applying 'set_property' XDC Constraints : Time (s): cpu = 00:00:23 ; elapsed = 00:00:26 . Memory (MB): peak = 2132.449 ; gain = 549.254 ; free physical = 271 ; free virtual = 1181
Synthesis current peak Physical Memory [PSS] (MB): peak = 1435.137; parent = 1174.753; children = 260.390
Synthesis current peak Virtual Memory [VSS] (MB): peak = 3098.754; parent = 2132.453; children = 966.301
---------------------------------------------------------------------------------
---------------------------------------------------------------------------------
Finished RTL Optimization Phase 2 : Time (s): cpu = 00:00:24 ; elapsed = 00:00:27 . Memory (MB): peak = 2132.449 ; gain = 549.254 ; free physical = 268 ; free virtual = 1178
Synthesis current peak Physical Memory [PSS] (MB): peak = 1435.137; parent = 1174.753; children = 260.390
Synthesis current peak Virtual Memory [VSS] (MB): peak = 3098.754; parent = 2132.453; children = 966.301
---------------------------------------------------------------------------------
---------------------------------------------------------------------------------
Start RTL Component Statistics 
---------------------------------------------------------------------------------
Detailed RTL Component Info : 
+---Adders : 
	   2 Input    5 Bit       Adders := 1     
+---Registers : 
	                5 Bit    Registers := 1     
---------------------------------------------------------------------------------
Finished RTL Component Statistics 
---------------------------------------------------------------------------------
---------------------------------------------------------------------------------
Start Part Resource Summary
---------------------------------------------------------------------------------
Part Resources:
DSPs: 220 (col length:60)
BRAMs: 280 (col length: RAMB18 60 RAMB36 30)
---------------------------------------------------------------------------------
Finished Part Resource Summary
---------------------------------------------------------------------------------
---------------------------------------------------------------------------------
Start Cross Boundary and Area Optimization
---------------------------------------------------------------------------------
WARNING: [Synth 8-7080] Parallel synthesis criteria is not met
WARNING: [Synth 8-3917] design integer_test has port jb[7] driven by constant 0
WARNING: [Synth 8-3917] design integer_test has port jb[6] driven by constant 0
WARNING: [Synth 8-3917] design integer_test has port jb[5] driven by constant 0
---------------------------------------------------------------------------------
Finished Cross Boundary and Area Optimization : Time (s): cpu = 00:00:25 ; elapsed = 00:00:28 . Memory (MB): peak = 2132.449 ; gain = 549.254 ; free physical = 256 ; free virtual = 1171
Synthesis current peak Physical Memory [PSS] (MB): peak = 1435.137; parent = 1174.753; children = 260.390
Synthesis current peak Virtual Memory [VSS] (MB): peak = 3098.754; parent = 2132.453; children = 966.301
---------------------------------------------------------------------------------
---------------------------------------------------------------------------------
Start Applying XDC Timing Constraints
---------------------------------------------------------------------------------
---------------------------------------------------------------------------------
Finished Applying XDC Timing Constraints : Time (s): cpu = 00:00:33 ; elapsed = 00:00:36 . Memory (MB): peak = 2132.449 ; gain = 549.254 ; free physical = 137 ; free virtual = 1060
Synthesis current peak Physical Memory [PSS] (MB): peak = 1501.659; parent = 1245.717; children = 260.390
Synthesis current peak Virtual Memory [VSS] (MB): peak = 3098.754; parent = 2132.453; children = 966.301
---------------------------------------------------------------------------------
---------------------------------------------------------------------------------
Start Timing Optimization
---------------------------------------------------------------------------------
---------------------------------------------------------------------------------
Finished Timing Optimization : Time (s): cpu = 00:00:33 ; elapsed = 00:00:36 . Memory (MB): peak = 2132.449 ; gain = 549.254 ; free physical = 128 ; free virtual = 1052
Synthesis current peak Physical Memory [PSS] (MB): peak = 1501.913; parent = 1245.975; children = 260.390
Synthesis current peak Virtual Memory [VSS] (MB): peak = 3098.754; parent = 2132.453; children = 966.301
---------------------------------------------------------------------------------
---------------------------------------------------------------------------------
Start Technology Mapping
---------------------------------------------------------------------------------
---------------------------------------------------------------------------------
Finished Technology Mapping : Time (s): cpu = 00:00:33 ; elapsed = 00:00:36 . Memory (MB): peak = 2132.449 ; gain = 549.254 ; free physical = 123 ; free virtual = 1047
Synthesis current peak Physical Memory [PSS] (MB): peak = 1502.304; parent = 1246.365; children = 260.390
Synthesis current peak Virtual Memory [VSS] (MB): peak = 3098.754; parent = 2132.453; children = 966.301
---------------------------------------------------------------------------------
---------------------------------------------------------------------------------
Start IO Insertion
---------------------------------------------------------------------------------
---------------------------------------------------------------------------------
Start Flattening Before IO Insertion
---------------------------------------------------------------------------------
---------------------------------------------------------------------------------
Finished Flattening Before IO Insertion
---------------------------------------------------------------------------------
---------------------------------------------------------------------------------
Start Final Netlist Cleanup
---------------------------------------------------------------------------------
---------------------------------------------------------------------------------
Finished Final Netlist Cleanup
---------------------------------------------------------------------------------
---------------------------------------------------------------------------------
Finished IO Insertion : Time (s): cpu = 00:00:41 ; elapsed = 00:00:44 . Memory (MB): peak = 2132.449 ; gain = 549.254 ; free physical = 119 ; free virtual = 1058
Synthesis current peak Physical Memory [PSS] (MB): peak = 1502.503; parent = 1246.537; children = 260.390
Synthesis current peak Virtual Memory [VSS] (MB): peak = 3098.754; parent = 2132.453; children = 966.301
---------------------------------------------------------------------------------
---------------------------------------------------------------------------------
Start Renaming Generated Instances
---------------------------------------------------------------------------------
---------------------------------------------------------------------------------
Finished Renaming Generated Instances : Time (s): cpu = 00:00:41 ; elapsed = 00:00:44 . Memory (MB): peak = 2132.449 ; gain = 549.254 ; free physical = 119 ; free virtual = 1058
Synthesis current peak Physical Memory [PSS] (MB): peak = 1502.519; parent = 1246.553; children = 260.390
Synthesis current peak Virtual Memory [VSS] (MB): peak = 3098.754; parent = 2132.453; children = 966.301
---------------------------------------------------------------------------------
---------------------------------------------------------------------------------
Start Rebuilding User Hierarchy
---------------------------------------------------------------------------------
---------------------------------------------------------------------------------
Finished Rebuilding User Hierarchy : Time (s): cpu = 00:00:41 ; elapsed = 00:00:44 . Memory (MB): peak = 2132.449 ; gain = 549.254 ; free physical = 119 ; free virtual = 1058
Synthesis current peak Physical Memory [PSS] (MB): peak = 1502.550; parent = 1246.586; children = 260.390
Synthesis current peak Virtual Memory [VSS] (MB): peak = 3098.754; parent = 2132.453; children = 966.301
---------------------------------------------------------------------------------
---------------------------------------------------------------------------------
Start Renaming Generated Ports
---------------------------------------------------------------------------------
---------------------------------------------------------------------------------
Finished Renaming Generated Ports : Time (s): cpu = 00:00:41 ; elapsed = 00:00:44 . Memory (MB): peak = 2132.449 ; gain = 549.254 ; free physical = 119 ; free virtual = 1058
Synthesis current peak Physical Memory [PSS] (MB): peak = 1502.565; parent = 1246.602; children = 260.390
Synthesis current peak Virtual Memory [VSS] (MB): peak = 3098.754; parent = 2132.453; children = 966.301
---------------------------------------------------------------------------------
---------------------------------------------------------------------------------
Start Handling Custom Attributes
---------------------------------------------------------------------------------
---------------------------------------------------------------------------------
Finished Handling Custom Attributes : Time (s): cpu = 00:00:41 ; elapsed = 00:00:45 . Memory (MB): peak = 2132.449 ; gain = 549.254 ; free physical = 119 ; free virtual = 1059
Synthesis current peak Physical Memory [PSS] (MB): peak = 1502.565; parent = 1246.602; children = 260.390
Synthesis current peak Virtual Memory [VSS] (MB): peak = 3098.754; parent = 2132.453; children = 966.301
---------------------------------------------------------------------------------
---------------------------------------------------------------------------------
Start Renaming Generated Nets
---------------------------------------------------------------------------------
---------------------------------------------------------------------------------
Finished Renaming Generated Nets : Time (s): cpu = 00:00:41 ; elapsed = 00:00:45 . Memory (MB): peak = 2132.449 ; gain = 549.254 ; free physical = 119 ; free virtual = 1059
Synthesis current peak Physical Memory [PSS] (MB): peak = 1502.581; parent = 1246.617; children = 260.390
Synthesis current peak Virtual Memory [VSS] (MB): peak = 3098.754; parent = 2132.453; children = 966.301
---------------------------------------------------------------------------------
---------------------------------------------------------------------------------
Start Writing Synthesis Report
---------------------------------------------------------------------------------

Report BlackBoxes: 
+-+--------------+----------+
| |BlackBox name |Instances |
+-+--------------+----------+
+-+--------------+----------+

Report Cell Usage: 
+------+-------+------+
|      |Cell   |Count |
+------+-------+------+
|1     |BUFG   |     1|
|2     |CARRY4 |     2|
|3     |LUT1   |     2|
|4     |LUT2   |     1|
|5     |LUT3   |     1|
|6     |LUT4   |     1|
|7     |LUT5   |     1|
|8     |FDRE   |    13|
|9     |IBUF   |     1|
|10    |OBUF   |    16|
+------+-------+------+
---------------------------------------------------------------------------------
Finished Writing Synthesis Report : Time (s): cpu = 00:00:41 ; elapsed = 00:00:45 . Memory (MB): peak = 2132.449 ; gain = 549.254 ; free physical = 119 ; free virtual = 1059
Synthesis current peak Physical Memory [PSS] (MB): peak = 1502.612; parent = 1246.648; children = 260.390
Synthesis current peak Virtual Memory [VSS] (MB): peak = 3098.754; parent = 2132.453; children = 966.301
---------------------------------------------------------------------------------
Synthesis finished with 0 errors, 0 critical warnings and 4 warnings.
Synthesis Optimization Runtime : Time (s): cpu = 00:00:37 ; elapsed = 00:00:41 . Memory (MB): peak = 2132.449 ; gain = 456.520 ; free physical = 180 ; free virtual = 1120
Synthesis Optimization Complete : Time (s): cpu = 00:00:41 ; elapsed = 00:00:45 . Memory (MB): peak = 2132.457 ; gain = 549.254 ; free physical = 180 ; free virtual = 1120
INFO: [Project 1-571] Translating synthesized netlist
Netlist sorting complete. Time (s): cpu = 00:00:00 ; elapsed = 00:00:00 . Memory (MB): peak = 2132.457 ; gain = 0.000 ; free physical = 171 ; free virtual = 1115
INFO: [Netlist 29-17] Analyzing 2 Unisim elements for replacement
INFO: [Netlist 29-28] Unisim Transformation completed in 0 CPU seconds
INFO: [Project 1-570] Preparing netlist for logic optimization
INFO: [Opt 31-138] Pushed 0 inverter(s) to 0 load pin(s).
Netlist sorting complete. Time (s): cpu = 00:00:00 ; elapsed = 00:00:00 . Memory (MB): peak = 2132.457 ; gain = 0.000 ; free physical = 222 ; free virtual = 1168
INFO: [Project 1-111] Unisim Transformation Summary:
No Unisim elements were transformed.

Synth Design complete, checksum: b693e176
INFO: [Common 17-83] Releasing license: Synthesis
25 Infos, 23 Warnings, 16 Critical Warnings and 0 Errors encountered.
synth_design completed successfully
synth_design: Time (s): cpu = 00:00:52 ; elapsed = 00:00:54 . Memory (MB): peak = 2132.457 ; gain = 885.824 ; free physical = 419 ; free virtual = 1366
INFO: [runtcl-6] Synthesis results are not added to the cache due to CRITICAL_WARNING
INFO: [Common 17-1381] The checkpoint '/home/student/Desktop/przemyslaw-lasecki-vhdl-lab-exercises-vhdl-2024/LAB3_Counters/LAB3.runs/synth_1/integer_test.dcp' has been generated.
INFO: [runtcl-4] Executing : report_utilization -file integer_test_utilization_synth.rpt -pb integer_test_utilization_synth.pb
INFO: [Common 17-206] Exiting Vivado at Wed Nov 12 18:21:51 2025...
